[0.059s] Invoking command in '/home/kortex_ws/build/control_msgs': CMAKE_PREFIX_PATH=${CMAKE_PREFIX_PATH}:/home/kortex_ws/install/rqt_joint_trajectory_controller:/home/kortex_ws/install/rqt_controller_manager:/home/kortex_ws/install/ros2controlcli:/home/kortex_ws/install/ros2_controllers_test_nodes:/opt/ros/humble /usr/bin/cmake --build /home/kortex_ws/build/control_msgs -- -j16 -l16
[0.168s] [  0%] Built target control_msgs__cpp
[0.184s] [ 13%] Built target control_msgs__rosidl_generator_c
[0.207s] [ 13%] Built target ament_cmake_python_copy_control_msgs
[0.240s] [ 25%] Built target control_msgs__rosidl_typesupport_cpp
[0.251s] [ 37%] Built target control_msgs__rosidl_typesupport_fastrtps_cpp
[0.257s] [ 52%] Built target control_msgs__rosidl_typesupport_introspection_c
[0.257s] [ 61%] Built target control_msgs__rosidl_typesupport_c
[0.261s] [ 74%] Built target control_msgs__rosidl_typesupport_introspection_cpp
[0.262s] [ 86%] Built target control_msgs__rosidl_typesupport_fastrtps_c
[0.304s] [ 86%] Built target control_msgs
[0.351s] [ 86%] Built target control_msgs__py
[0.404s] [ 97%] Built target control_msgs__rosidl_generator_py
[0.449s] [ 99%] Built target control_msgs__rosidl_typesupport_fastrtps_c__pyext
[0.449s] [ 99%] Built target control_msgs__rosidl_typesupport_c__pyext
[0.454s] [100%] Built target control_msgs__rosidl_typesupport_introspection_c__pyext
[0.551s] running egg_info
[0.551s] writing control_msgs.egg-info/PKG-INFO
[0.558s] writing dependency_links to control_msgs.egg-info/dependency_links.txt
[0.569s] writing top-level names to control_msgs.egg-info/top_level.txt
[0.578s] reading manifest file 'control_msgs.egg-info/SOURCES.txt'
[0.578s] writing manifest file 'control_msgs.egg-info/SOURCES.txt'
[0.588s] [100%] Built target ament_cmake_python_build_control_msgs_egg
[0.608s] Invoked command in '/home/kortex_ws/build/control_msgs' returned '0': CMAKE_PREFIX_PATH=${CMAKE_PREFIX_PATH}:/home/kortex_ws/install/rqt_joint_trajectory_controller:/home/kortex_ws/install/rqt_controller_manager:/home/kortex_ws/install/ros2controlcli:/home/kortex_ws/install/ros2_controllers_test_nodes:/opt/ros/humble /usr/bin/cmake --build /home/kortex_ws/build/control_msgs -- -j16 -l16
[0.807s] Traceback (most recent call last):
  File "/usr/lib/python3/dist-packages/colcon_parallel_executor/executor/parallel.py", line 75, in execute
    loop.run_until_complete(future)
  File "/usr/lib/python3.10/asyncio/base_events.py", line 636, in run_until_complete
    self.run_forever()
  File "/usr/lib/python3.10/asyncio/base_events.py", line 603, in run_forever
    self._run_once()
  File "/usr/lib/python3.10/asyncio/base_events.py", line 1871, in _run_once
    event_list = self._selector.select(timeout)
  File "/usr/lib/python3.10/selectors.py", line 469, in select
    fd_event_list = self._selector.poll(timeout, max_ev)
KeyboardInterrupt

During handling of the above exception, another exception occurred:

Traceback (most recent call last):
  File "/usr/lib/python3/dist-packages/colcon_core/executor/__init__.py", line 91, in __call__
    rc = await self.task(*args, **kwargs)
  File "/usr/lib/python3/dist-packages/colcon_core/task/__init__.py", line 93, in __call__
    return await task_method(*args, **kwargs)
  File "/usr/lib/python3/dist-packages/colcon_ros/task/ament_cmake/build.py", line 59, in build
    rc = await extension.build(
  File "/usr/lib/python3/dist-packages/colcon_cmake/task/cmake/build.py", line 110, in build
    if await has_target(args.build_base, 'install'):
  File "/usr/lib/python3/dist-packages/colcon_cmake/task/cmake/__init__.py", line 57, in has_target
    return target in await get_makefile_targets(path)
  File "/usr/lib/python3/dist-packages/colcon_cmake/task/cmake/__init__.py", line 77, in get_makefile_targets
    output = await check_output([
  File "/usr/lib/python3/dist-packages/colcon_core/subprocess.py", line 129, in check_output
    assert not rc, f'Expected {args} to pass: {stderr_data}'
AssertionError: Expected ['/usr/bin/cmake', '--build', '/home/kortex_ws/build/control_msgs', '--target', 'help'] to pass: gmake: *** [Makefile:5172: help] Interrupt

