[0.013s] Invoking command in '/home/humble_ws/build/kinova_moveit': /usr/bin/cmake --build /home/humble_ws/build/kinova_moveit -- -j16 -l16
[0.035s] -- Found ament_cmake: 1.3.8 (/opt/ros/humble/share/ament_cmake/cmake)
[0.197s] Error parsing '/home/humble_ws/src/kinova_moveit/package.xml':
[0.197s] Traceback (most recent call last):
[0.197s]   File "/opt/ros/humble/share/ament_cmake_core/cmake/core/package_xml_2_cmake.py", line 150, in <module>
[0.197s]     main()
[0.197s]   File "/opt/ros/humble/share/ament_cmake_core/cmake/core/package_xml_2_cmake.py", line 53, in main
[0.197s]     raise e
[0.197s]   File "/opt/ros/humble/share/ament_cmake_core/cmake/core/package_xml_2_cmake.py", line 49, in main
[0.197s]     package = parse_package_string(
[0.197s]   File "/usr/lib/python3/dist-packages/catkin_pkg/package.py", line 788, in parse_package_string
[0.197s]     pkg.validate(warnings=warnings)
[0.197s]   File "/usr/lib/python3/dist-packages/catkin_pkg/package.py", line 330, in validate
[0.198s]     raise InvalidPackage('\n'.join(errors), self.filename)
[0.198s] catkin_pkg.package.InvalidPackage: Error(s) in package '/home/humble_ws/src/kinova_moveit/package.xml':
[0.198s] Invalid email "" for person "KeenanEcoation"
[0.198s] Maintainers must have an email address
[0.198s] Invalid email "" for person "KeenanEcoation"
[0.204s] [31mCMake Error at /opt/ros/humble/share/ament_cmake_core/cmake/core/ament_package_xml.cmake:95 (message):
[0.204s]   execute_process(/usr/bin/python3
[0.204s]   /opt/ros/humble/share/ament_cmake_core/cmake/core/package_xml_2_cmake.py
[0.204s]   /home/humble_ws/src/kinova_moveit/package.xml
[0.204s]   /home/humble_ws/build/kinova_moveit/ament_cmake_core/package.cmake)
[0.204s]   returned error code 1
[0.204s] Call Stack (most recent call first):
[0.205s]   /opt/ros/humble/share/ament_cmake_core/cmake/core/ament_package_xml.cmake:49 (_ament_package_xml)
[0.205s]   /opt/ros/humble/share/ament_cmake_core/cmake/core/ament_package.cmake:63 (ament_package_xml)
[0.205s]   CMakeLists.txt:6 (ament_package)
[0.205s] 
[0.205s] [0m
[0.205s] -- Configuring incomplete, errors occurred!
[0.205s] See also "/home/humble_ws/build/kinova_moveit/CMakeFiles/CMakeOutput.log".
[0.207s] gmake: *** [Makefile:226: cmake_check_build_system] Error 1
[0.209s] Invoked command in '/home/humble_ws/build/kinova_moveit' returned '2': /usr/bin/cmake --build /home/humble_ws/build/kinova_moveit -- -j16 -l16
